[0mGET / [32m200 [0m2443.506 ms - 13255[0m
[0mGET /js/chat_engine.js [33m404 [0m124.065 ms - 156[0m
[0mGET /js/home_post_comments.js [33m404 [0m198.755 ms - 163[0m
[0mGET /js/home_posts.js [33m404 [0m69.222 ms - 155[0m
[0mGET /js/toggle_likes.js [33m404 [0m2011.101 ms - 157[0m
[0mGET /js/home_post_comments.js [33m404 [0m250.695 ms - 163[0m
[0mGET /js/home_posts.js [33m404 [0m8.855 ms - 155[0m
[0mGET /js/toggle_likes.js [33m404 [0m5.664 ms - 157[0m
[0mGET /js/chat_engine.js [33m404 [0m5.998 ms - 156[0m
[0mGET / [36m304 [0m72.706 ms - -[0m
[0mGET /js/home_post_comments.js [33m404 [0m6.362 ms - 163[0m
[0mGET /css/header.css [33m404 [0m12.365 ms - 153[0m
[0mGET /css/footer.css [33m404 [0m10.192 ms - 153[0m
[0mGET /css/layout.css [33m404 [0m11.843 ms - 153[0m
[0mGET /css/home.css [33m404 [0m2019.975 ms - 151[0m
[0mGET /css/chat_box.css [33m404 [0m2019.081 ms - 155[0m
[0mGET /js/chat_engine.js [33m404 [0m3986.787 ms - 156[0m
[0mGET /js/toggle_likes.js [33m404 [0m3988.614 ms - 157[0m
[0mGET /js/home_posts.js [33m404 [0m3995.230 ms - 155[0m
[0mGET /js/chat_engine.js [33m404 [0m6.236 ms - 156[0m
[0mGET / [36m304 [0m69.673 ms - -[0m
[0mGET /css/layout.css [33m404 [0m6.936 ms - 153[0m
[0mGET /css/footer.css [33m404 [0m5.513 ms - 153[0m
[0mGET /css/home.css [33m404 [0m7.585 ms - 151[0m
[0mGET /css/header.css [33m404 [0m8.027 ms - 153[0m
[0mGET /css/chat_box.css [33m404 [0m46.085 ms - 155[0m
[0mGET /js/home_post_comments.js [33m404 [0m175.129 ms - 163[0m
[0mGET /js/home_posts.js [33m404 [0m40.240 ms - 155[0m
[0mGET /js/toggle_likes.js [33m404 [0m40.127 ms - 157[0m
[0mGET /js/chat_engine.js [33m404 [0m4.813 ms - 156[0m
[0mGET / [36m304 [0m69.560 ms - -[0m
[0mGET / [36m304 [0m63.801 ms - -[0m
[0mGET / [36m304 [0m58.956 ms - -[0m
[0mGET /js/home_post_comments.js [33m404 [0m11.417 ms - 163[0m
[0mGET /css/layout.css [33m404 [0m12.993 ms - 153[0m
[0mGET /css/footer.css [33m404 [0m9.680 ms - 153[0m
[0mGET /css/header.css [33m404 [0m8.770 ms - 153[0m
[0mGET /css/home.css [33m404 [0m12.092 ms - 151[0m
[0mGET /css/chat_box.css [33m404 [0m8.664 ms - 155[0m
[0mGET /js/toggle_likes.js [33m404 [0m6.475 ms - 157[0m
[0mGET /js/home_posts.js [33m404 [0m86.480 ms - 155[0m
[0mGET /js/chat_engine.js [33m404 [0m9.589 ms - 156[0m
[0mGET / [32m200 [0m7602.873 ms - 13255[0m
[0mGET /js/home_post_comments.js [33m404 [0m144.996 ms - 163[0m
[0mGET /js/home_posts.js [33m404 [0m106.126 ms - 155[0m
[0mGET /js/toggle_likes.js [33m404 [0m193.136 ms - 157[0m
[0mGET /js/chat_engine.js [33m404 [0m2010.451 ms - 156[0m
[0mGET /favicon.ico [33m404 [0m44.225 ms - 150[0m
[0mGET / [36m304 [0m77.690 ms - -[0m
[0mGET /css/layout.css [33m404 [0m14.382 ms - 153[0m
[0mGET /css/footer.css [33m404 [0m11.243 ms - 153[0m
[0mGET /css/home.css [33m404 [0m13.479 ms - 151[0m
[0mGET /css/header.css [33m404 [0m11.933 ms - 153[0m
[0mGET /js/home_post_comments.js [33m404 [0m2008.684 ms - 163[0m
[0mGET /js/chat_engine.js [33m404 [0m1901.492 ms - 156[0m
[0mGET /js/toggle_likes.js [33m404 [0m1905.853 ms - 157[0m
[0mGET /css/chat_box.css [33m404 [0m2078.318 ms - 155[0m
[0mGET /css/layout.css [33m404 [0m1809.448 ms - 153[0m
[0mGET /js/home_posts.js [33m404 [0m1977.462 ms - 155[0m
[0mGET /css/footer.css [33m404 [0m99.628 ms - 153[0m
[0mGET /js/home_posts.js [33m404 [0m6.404 ms - 155[0m
[0mGET /js/toggle_likes.js [33m404 [0m5.279 ms - 157[0m
[0mGET /js/chat_engine.js [33m404 [0m1.749 ms - 156[0m
[0mGET /css/layout.css [33m404 [0m3.721 ms - 153[0m
[0mGET /css/footer.css [33m404 [0m4.186 ms - 153[0m
[0mGET /css/chat_box.css [33m404 [0m5.096 ms - 155[0m
[0mGET /css/home.css [33m404 [0m4.357 ms - 151[0m
[0mGET /css/header.css [33m404 [0m171.810 ms - 153[0m
[0mGET / [32m200 [0m4241.304 ms - 13257[0m
[0mGET /js/home_post_comments.js [33m404 [0m155.060 ms - 163[0m
[0mGET /js/toggle_likes.js [33m404 [0m53.602 ms - 157[0m
[0mGET /js/home_posts.js [33m404 [0m6.156 ms - 155[0m
[0mGET /js/chat_engine.js [33m404 [0m6.236 ms - 156[0m
[0mGET /js/toggle_likes.js [33m404 [0m3.362 ms - 157[0m
[0mGET /js/chat_engine.js [33m404 [0m3.481 ms - 156[0m
[0mGET / [36m304 [0m165.585 ms - -[0m
[0mGET /js/toggle_likes.js [33m404 [0m2.205 ms - 157[0m
[0mGET /css/layout.css [33m404 [0m8.506 ms - 153[0m
[0mGET /css/footer.css [33m404 [0m54.094 ms - 153[0m
[0mGET /css/header.css [33m404 [0m55.621 ms - 153[0m
[0mGET /css/chat_box.css [33m404 [0m2012.954 ms - 155[0m
[0mGET /css/home.css [33m404 [0m2077.021 ms - 151[0m
[0mGET /js/home_post_comments.js [33m404 [0m3972.214 ms - 163[0m
[0mGET /js/chat_engine.js [33m404 [0m3947.664 ms - 156[0m
[0mGET /js/home_posts.js [33m404 [0m3954.755 ms - 155[0m
[0mGET /css/layout.css [33m404 [0m3947.586 ms - 153[0m
[0mGET /js/home_posts.js [33m404 [0m2.748 ms - 155[0m
[0mGET /js/toggle_likes.js [33m404 [0m2.854 ms - 157[0m
[0mGET /js/chat_engine.js [33m404 [0m9.161 ms - 156[0m
[0mGET / [32m200 [0m4200.906 ms - 13255[0m
[0mGET /js/home_post_comments.js [33m404 [0m69.946 ms - 163[0m
[0mGET /js/toggle_likes.js [33m404 [0m3.963 ms - 157[0m
[0mGET /js/home_posts.js [33m404 [0m3.581 ms - 155[0m
[0mGET /js/chat_engine.js [33m404 [0m6.103 ms - 156[0m
[0mGET /js/toggle_likes.js [33m404 [0m2013.725 ms - 157[0m
[0mGET /js/chat_engine.js [33m404 [0m10.495 ms - 156[0m
[0mGET / [36m304 [0m55.819 ms - -[0m
[0mGET /js/home_posts.js [33m404 [0m4.661 ms - 155[0m
[0mGET /css/layout.css [33m404 [0m12.656 ms - 153[0m
[0mGET /css/home.css [33m404 [0m11.788 ms - 151[0m
[0mGET /css/chat_box.css [33m404 [0m10.079 ms - 155[0m
[0mGET /css/footer.css [33m404 [0m14.304 ms - 153[0m
[0mGET /css/header.css [33m404 [0m11.469 ms - 153[0m
[0mGET /js/toggle_likes.js [33m404 [0m1417.464 ms - 157[0m
[0mGET /js/home_post_comments.js [33m404 [0m1512.091 ms - 163[0m
[0mGET /js/chat_engine.js [33m404 [0m1430.766 ms - 156[0m
[0mGET /js/home_posts.js [33m404 [0m4.658 ms - 155[0m
[0mGET /js/toggle_likes.js [33m404 [0m3.179 ms - 157[0m
[0mGET /js/chat_engine.js [33m404 [0m3.781 ms - 156[0m
[0mGET / [32m200 [0m2194.710 ms - 13278[0m
[0mGET /js/home_post_comments.js [33m404 [0m6.886 ms - 163[0m
[0mGET /js/home_posts.js [33m404 [0m7.542 ms - 155[0m
[0mGET /js/toggle_likes.js [33m404 [0m8.599 ms - 157[0m
[0mGET /js/chat_engine.js [33m404 [0m2018.867 ms - 156[0m
[0mGET / [36m304 [0m57.473 ms - -[0m
[0mGET /js/home_post_comments.js [33m404 [0m3.573 ms - 163[0m
[0mGET /css/layout.css [33m404 [0m6.530 ms - 153[0m
[0mGET /css/header.css [33m404 [0m5.801 ms - 153[0m
[0mGET /css/footer.css [33m404 [0m5.215 ms - 153[0m
[0mGET /css/home.css [33m404 [0m2021.970 ms - 151[0m
[0mGET /js/home_posts.js [33m404 [0m1470.575 ms - 155[0m
[0mGET /css/chat_box.css [33m404 [0m2022.030 ms - 155[0m
[0mGET /js/toggle_likes.js [33m404 [0m1416.343 ms - 157[0m
[0mGET /js/chat_engine.js [33m404 [0m1415.045 ms - 156[0m
[0mGET /js/home_posts.js [33m404 [0m2.717 ms - 155[0m
[0mGET /js/toggle_likes.js [33m404 [0m3.494 ms - 157[0m
[0mGET /js/chat_engine.js [33m404 [0m2.990 ms - 156[0m
[0mGET / [32m200 [0m2223.083 ms - 13286[0m
[0mGET /js/home_post_comments.js [33m404 [0m13.956 ms - 163[0m
[0mGET /js/home_posts.js [33m404 [0m7.410 ms - 155[0m
[0mGET /js/toggle_likes.js [33m404 [0m6.947 ms - 157[0m
[0mGET /js/chat_engine.js [33m404 [0m2021.273 ms - 156[0m
[0mGET /js/home_posts.js [33m404 [0m3942.303 ms - 155[0m
[0mGET /js/toggle_likes.js [33m404 [0m3.380 ms - 157[0m
[0mGET /js/chat_engine.js [33m404 [0m4.144 ms - 156[0m
[0mGET / [36m304 [0m60.784 ms - -[0m
[0mGET /js/home_post_comments.js [33m404 [0m5.882 ms - 163[0m
[0mGET /css/layout.css [33m404 [0m6.540 ms - 153[0m
[0mGET /css/header.css [33m404 [0m5.752 ms - 153[0m
[0mGET /css/footer.css [33m404 [0m6.375 ms - 153[0m
[0mGET /css/chat_box.css [33m404 [0m2016.062 ms - 155[0m
[0mGET /css/home.css [33m404 [0m2017.521 ms - 151[0m
[0mGET /js/toggle_likes.js [33m404 [0m1464.924 ms - 157[0m
[0mGET /js/chat_engine.js [33m404 [0m1412.943 ms - 156[0m
[0mGET /js/home_posts.js [33m404 [0m1468.729 ms - 155[0m
[0mGET /js/toggle_likes.js [33m404 [0m2.721 ms - 157[0m
[0mGET /js/chat_engine.js [33m404 [0m3.980 ms - 156[0m
[0mGET /css/layout.css [33m404 [0m10.993 ms - 153[0m
[0mGET /css/header.css [33m404 [0m9.697 ms - 153[0m
[0mGET /css/footer.css [33m404 [0m8.510 ms - 153[0m
[0mGET /css/home.css [33m404 [0m7.790 ms - 151[0m
[0mGET /css/chat_box.css [33m404 [0m10.311 ms - 155[0m
[0mGET / [32m200 [0m2179.444 ms - 13281[0m
[0mGET /js/home_post_comments.js [33m404 [0m28.691 ms - 163[0m
[0mGET /js/home_posts.js [33m404 [0m28.404 ms - 155[0m
[0mGET /js/toggle_likes.js [33m404 [0m2019.844 ms - 157[0m
[0mGET /js/chat_engine.js [33m404 [0m2019.637 ms - 156[0m
[0mGET / [36m304 [0m60.524 ms - -[0m
[0mGET /js/home_post_comments.js [33m404 [0m20.466 ms - 163[0m
[0mGET /js/home_posts.js [33m404 [0m3.794 ms - 155[0m
[0mGET /js/toggle_likes.js [33m404 [0m3.245 ms - 157[0m
[0mGET /js/chat_engine.js [33m404 [0m3.261 ms - 156[0m
[0mGET / [36m304 [0m2166.083 ms - -[0m
[0mGET /js/home_post_comments.js [33m404 [0m8.771 ms - 163[0m
[0mGET /js/home_posts.js [33m404 [0m23.403 ms - 155[0m
[0mGET /js/toggle_likes.js [33m404 [0m3.097 ms - 157[0m
[0mGET /js/chat_engine.js [33m404 [0m2012.304 ms - 156[0m
[0mGET / [32m200 [0m2174.928 ms - 13287[0m
[0mGET /js/home_post_comments.js [33m404 [0m75.046 ms - 163[0m
[0mGET /js/toggle_likes.js [33m404 [0m29.937 ms - 157[0m
[0mGET /js/home_posts.js [33m404 [0m30.667 ms - 155[0m
[0mGET /js/home_post_comments.js [33m404 [0m3803.098 ms - 163[0m
[0mGET /js/chat_engine.js [33m404 [0m4032.911 ms - 156[0m
[0mGET /js/home_posts.js [33m404 [0m5.953 ms - 155[0m
[0mGET /js/toggle_likes.js [33m404 [0m5.105 ms - 157[0m
[0mGET /js/chat_engine.js [33m404 [0m4.657 ms - 156[0m
[0mGET / [32m200 [0m4144.895 ms - 13389[0m
[0mGET /js/home_post_comments.js [33m404 [0m26.283 ms - 163[0m
[0mGET /js/home_posts.js [33m404 [0m10.016 ms - 155[0m
[0mGET /js/chat_engine.js [33m404 [0m32.340 ms - 156[0m
[0mGET /js/toggle_likes.js [33m404 [0m8.568 ms - 157[0m
[0mGET /js/home_post_comments.js [33m404 [0m3889.090 ms - 163[0m
[0mGET /js/home_posts.js [33m404 [0m6.136 ms - 155[0m
[0mGET /js/toggle_likes.js [33m404 [0m5.630 ms - 157[0m
[0mGET /js/chat_engine.js [33m404 [0m3.748 ms - 156[0m
[0mGET / [36m304 [0m60.480 ms - -[0m
[0mGET /js/home_post_comments.js [33m404 [0m8.475 ms - 163[0m
[0mGET /js/home_posts.js [33m404 [0m10.859 ms - 155[0m
[0mGET /js/toggle_likes.js [33m404 [0m4.496 ms - 157[0m
[0mGET /js/chat_engine.js [33m404 [0m5.656 ms - 156[0m
[0mGET / [32m200 [0m4617.463 ms - 13373[0m
[0mGET /js/home_post_comments.js [33m404 [0m35.823 ms - 163[0m
[0mGET /js/home_posts.js [33m404 [0m8.339 ms - 155[0m
[0mGET /js/toggle_likes.js [33m404 [0m7.648 ms - 157[0m
[0mGET /js/chat_engine.js [33m404 [0m2021.339 ms - 156[0m
[0mGET /js/home_posts.js [33m404 [0m3526.805 ms - 155[0m
[0mGET /js/toggle_likes.js [33m404 [0m5.204 ms - 157[0m
[0mGET /js/chat_engine.js [33m404 [0m4.479 ms - 156[0m
[0mGET / [36m304 [0m81.854 ms - -[0m
[0mGET /js/home_posts.js [33m404 [0m8.067 ms - 155[0m
[0mGET /js/home_post_comments.js [33m404 [0m9.103 ms - 163[0m
[0mGET /js/toggle_likes.js [33m404 [0m7.036 ms - 157[0m
[0mGET /js/chat_engine.js [33m404 [0m9.140 ms - 156[0m
[0mGET /css/chat_box.css [33m404 [0m2.522 ms - 155[0m
[0mGET /js/home_posts.js [33m404 [0m2.235 ms - 155[0m
[0mGET /js/toggle_likes.js [33m404 [0m2.470 ms - 157[0m
[0mGET /js/chat_engine.js [33m404 [0m2.021 ms - 156[0m
[0mGET / [32m200 [0m2160.195 ms - 13387[0m
[0mGET /js/home_post_comments.js [33m404 [0m11.075 ms - 163[0m
[0mGET /js/home_posts.js [33m404 [0m6.979 ms - 155[0m
[0mGET /js/chat_engine.js [33m404 [0m2019.208 ms - 156[0m
[0mGET /js/toggle_likes.js [33m404 [0m2020.842 ms - 157[0m
[0mGET /js/home_posts.js [33m404 [0m2782.321 ms - 155[0m
[0mGET /js/toggle_likes.js [33m404 [0m1984.188 ms - 157[0m
[0mGET /js/chat_engine.js [33m404 [0m5.434 ms - 156[0m
[0mGET / [36m304 [0m82.716 ms - -[0m
[0mGET /js/home_post_comments.js [33m404 [0m149.669 ms - 163[0m
[0mGET /js/home_posts.js [33m404 [0m23.062 ms - 155[0m
[0mGET /js/toggle_likes.js [33m404 [0m20.360 ms - 157[0m
[0mGET /js/chat_engine.js [33m404 [0m34.424 ms - 156[0m
[0mGET /css/chat_box.css [33m404 [0m17.495 ms - 155[0m
[0mGET /css/home.css [33m404 [0m17.721 ms - 151[0m
[0mGET /js/home_posts.js [33m404 [0m3.620 ms - 155[0m
[0mGET /js/toggle_likes.js [33m404 [0m4.162 ms - 157[0m
[0mGET /js/chat_engine.js [33m404 [0m2.462 ms - 156[0m
[0mGET /css/home.css [33m404 [0m2.713 ms - 151[0m
[0mGET / [32m200 [0m4189.802 ms - 13392[0m
[0mGET /js/home_posts.js [33m404 [0m11.602 ms - 155[0m
[0mGET /js/toggle_likes.js [33m404 [0m8.167 ms - 157[0m
[0mGET /js/home_post_comments.js [33m404 [0m11.989 ms - 163[0m
[0mGET /js/chat_engine.js [33m404 [0m6.485 ms - 156[0m
[0mGET /js/home_posts.js [33m404 [0m3.047 ms - 155[0m
[0mGET /js/toggle_likes.js [33m404 [0m8.103 ms - 157[0m
[0mGET /js/chat_engine.js [33m404 [0m3.473 ms - 156[0m
[0mGET /css/header.css [33m404 [0m8.836 ms - 153[0m
[0mGET /css/layout.css [33m404 [0m12.844 ms - 153[0m
[0mGET /css/footer.css [33m404 [0m12.010 ms - 153[0m
[0mGET /css/home.css [33m404 [0m2017.527 ms - 151[0m
[0mGET /css/chat_box.css [33m404 [0m2018.075 ms - 155[0m
[0mGET / [36m304 [0m68.975 ms - -[0m
[0mGET /css/layout.css [33m404 [0m2.063 ms - 153[0m
[0mGET /js/home_posts.js [33m404 [0m2.444 ms - 155[0m
[0mGET /js/home_post_comments.js [33m404 [0m5.634 ms - 163[0m
[0mGET /css/footer.css [33m404 [0m5.680 ms - 153[0m
[0mGET /css/home.css [33m404 [0m5.619 ms - 151[0m
[0mGET /css/header.css [33m404 [0m5.010 ms - 153[0m
[0mGET /css/chat_box.css [33m404 [0m2013.544 ms - 155[0m
[0mGET /js/toggle_likes.js [33m404 [0m1926.942 ms - 157[0m
[0mGET /js/chat_engine.js [33m404 [0m1930.440 ms - 156[0m
[0mGET /js/home_posts.js [33m404 [0m6.122 ms - 155[0m
[0mGET /js/toggle_likes.js [33m404 [0m2.435 ms - 157[0m
[0mGET /js/chat_engine.js [33m404 [0m2.367 ms - 156[0m
[0mGET / [32m200 [0m4182.832 ms - 13320[0m
[0mGET /js/home_post_comments.js [33m404 [0m48.809 ms - 163[0m
[0mGET /js/home_posts.js [33m404 [0m45.852 ms - 155[0m
[0mGET /js/toggle_likes.js [33m404 [0m48.610 ms - 157[0m
[0mGET /js/chat_engine.js [33m404 [0m7.418 ms - 156[0m
[0mGET /js/home_posts.js [33m404 [0m6.915 ms - 155[0m
[0mGET /js/toggle_likes.js [33m404 [0m6.321 ms - 157[0m
[0mGET /js/chat_engine.js [33m404 [0m6.838 ms - 156[0m
[0mGET / [32m200 [0m278.072 ms - 13368[0m
[0mGET /css/footer.css [33m404 [0m9.594 ms - 153[0m
[0mGET /css/home.css [33m404 [0m36.712 ms - 151[0m
[0mGET /js/home_post_comments.js [33m404 [0m87.242 ms - 163[0m
[0mGET /css/chat_box.css [33m404 [0m2054.676 ms - 155[0m
[0mGET /js/home_posts.js [33m404 [0m3695.729 ms - 155[0m
[0mGET /js/toggle_likes.js [33m404 [0m3699.217 ms - 157[0m
[0mGET /js/chat_engine.js [33m404 [0m3361.645 ms - 156[0m
[0mGET /js/home_post_comments.js [33m404 [0m3285.552 ms - 163[0m
[0mGET /js/home_posts.js [33m404 [0m2.178 ms - 155[0m
[0mGET /js/toggle_likes.js [33m404 [0m3.741 ms - 157[0m
[0mGET /js/chat_engine.js [33m404 [0m6.276 ms - 156[0m
[0mGET /favicon.ico [33m404 [0m3.227 ms - 150[0m
[0mGET / [36m304 [0m53.706 ms - -[0m
[0mGET /js/home_post_comments.js [33m404 [0m9.843 ms - 163[0m
[0mGET /css/layout.css [33m404 [0m13.343 ms - 153[0m
[0mGET /css/footer.css [33m404 [0m11.306 ms - 153[0m
[0mGET /css/home.css [33m404 [0m14.862 ms - 151[0m
[0mGET /css/chat_box.css [33m404 [0m12.710 ms - 155[0m
[0mGET /css/header.css [33m404 [0m14.490 ms - 153[0m
[0mGET /js/home_posts.js [33m404 [0m33.645 ms - 155[0m
[0mGET /js/chat_engine.js [33m404 [0m3.385 ms - 156[0m
[0mGET /js/toggle_likes.js [33m404 [0m4.077 ms - 157[0m
[0mGET /css/layout.css [33m404 [0m7.342 ms - 153[0m
[0mGET /css/chat_box.css [33m404 [0m6.776 ms - 155[0m
[0mGET /css/header.css [33m404 [0m5.853 ms - 153[0m
[0mGET /css/home.css [33m404 [0m4.992 ms - 151[0m
[0mGET /css/footer.css [33m404 [0m9.063 ms - 153[0m
[0mGET / [36m304 [0m4175.622 ms - -[0m
[0mGET /js/home_post_comments.js [33m404 [0m11.409 ms - 163[0m
[0mGET /js/home_posts.js [33m404 [0m43.051 ms - 155[0m
[0mGET /js/toggle_likes.js [33m404 [0m44.184 ms - 157[0m
[0mGET /js/chat_engine.js [33m404 [0m12.125 ms - 156[0m
[0mGET /js/home_posts.js [33m404 [0m2.763 ms - 155[0m
[0mGET /js/toggle_likes.js [33m404 [0m5.379 ms - 157[0m
[0mGET /js/chat_engine.js [33m404 [0m2.922 ms - 156[0m
[0mGET /users/sign-in [32m200 [0m9.820 ms - 2176[0m
[0mGET /users/css/layout.css [33m404 [0m9.000 ms - 159[0m
[0mGET /users/css/header.css [33m404 [0m8.830 ms - 159[0m
[0mGET /users/css/footer.css [33m404 [0m12.113 ms - 159[0m
[0mGET /users/sign-in [36m304 [0m9.629 ms - -[0m
[0mGET /users/css/layout.css [33m404 [0m6.387 ms - 159[0m
[0mGET /users/css/header.css [33m404 [0m8.561 ms - 159[0m
[0mGET /users/css/footer.css [33m404 [0m3.564 ms - 159[0m
[0mGET /users/sign-in [36m304 [0m10.105 ms - -[0m
[0mGET /users/css/layout.css [33m404 [0m48.618 ms - 159[0m
[0mGET /users/css/header.css [33m404 [0m49.732 ms - 159[0m
[0mGET /users/css/footer.css [33m404 [0m5.251 ms - 159[0m
[0mGET /users/auth/google [36m302 [0m8.535 ms - 0[0m
[0mGET /users/auth/google/callback?code=4%2FyAHASgN4VlIUS3JGrcgmIBOl32QKNz1LGYbdO_ZOTThox-LG8Y8jdsmTnRZ5B1IFSo0WG-jSC_ghE9bouLnvOk8&scope=email+profile+https%3A%2F%2Fwww.googleapis.com%2Fauth%2Fuserinfo.profile+https%3A%2F%2Fwww.googleapis.com%2Fauth%2Fuserinfo.email+openid&authuser=0&prompt=consent [36m302 [0m1028.996 ms - 46[0m
[0mGET / [36m304 [0m2075.644 ms - -[0m
[0mGET /js/home_post_comments.js [33m404 [0m1010.787 ms - 163[0m
[0mGET /css/header.css [33m404 [0m39.693 ms - 153[0m
[0mGET /css/layout.css [33m404 [0m1009.402 ms - 153[0m
[0mGET /css/footer.css [33m404 [0m2082.087 ms - 153[0m
[0mGET /css/home.css [33m404 [0m2071.494 ms - 151[0m
[0mGET /css/chat_box.css [33m404 [0m2065.957 ms - 155[0m
[0mGET /js/toggle_likes.js [33m404 [0m1973.516 ms - 157[0m
[0mGET /js/chat_engine.js [33m404 [0m1972.426 ms - 156[0m
[0mGET /js/home_posts.js [33m404 [0m2053.570 ms - 155[0m
[0mGET /js/home_post_comments.js [33m404 [0m13.440 ms - 163[0m
[0mGET /css/header.css [33m404 [0m15.950 ms - 153[0m
[0mGET /css/layout.css [33m404 [0m18.522 ms - 153[0m
[0mGET /js/home_posts.js [33m404 [0m1142.320 ms - 155[0m
[0mGET /js/toggle_likes.js [33m404 [0m9.784 ms - 157[0m
[0mGET /js/chat_engine.js [33m404 [0m5.901 ms - 156[0m
[0mGET / [32m200 [0m69.675 ms - 18956[0m
[0mGET /js/home_post_comments.js [33m404 [0m22.971 ms - 163[0m
[0mGET /css/layout.css [33m404 [0m21.248 ms - 153[0m
[0mGET /css/header.css [33m404 [0m24.604 ms - 153[0m
[0mGET /css/chat_box.css [33m404 [0m19.185 ms - 155[0m
[0mGET /css/footer.css [33m404 [0m23.642 ms - 153[0m
[0mGET /css/home.css [33m404 [0m25.085 ms - 151[0m
[0mGET /js/chat_engine.js [33m404 [0m9.910 ms - 156[0m
[0mGET /js/toggle_likes.js [33m404 [0m10.584 ms - 157[0m
[0mGET /js/home_posts.js [33m404 [0m11.588 ms - 155[0m
[0mGET /js/toggle_likes.js [33m404 [0m887.788 ms - 157[0m
[0mGET /js/chat_engine.js [33m404 [0m10.332 ms - 156[0m
[0mGET /likes/toggle/?id=5e1eadaaaa502d18c449147f&type=Comment [33m404 [0m8.205 ms - 152[0m
[0mGET /js/home_post_comments.js [33m404 [0m32.648 ms - 163[0m
[0mGET /css/header.css [33m404 [0m29.731 ms - 153[0m
[0mGET /css/home.css [33m404 [0m29.971 ms - 151[0m
[0mGET /css/chat_box.css [33m404 [0m22.309 ms - 155[0m
[0mGET /css/layout.css [33m404 [0m33.399 ms - 153[0m
[0mGET /css/footer.css [33m404 [0m30.717 ms - 153[0m
[0mGET /js/toggle_likes.js [33m404 [0m7.305 ms - 157[0m
[0mGET /likes/toggle/?id=5de6338f5fe30f2c4cdbabf1&type=Post [33m404 [0m6.882 ms - 152[0m
[0mGET / [32m200 [0m2184.529 ms - 13368[0m
[0mGET /js/home_post_comments.js [33m404 [0m9.418 ms - 163[0m
[0mGET /js/home_posts.js [33m404 [0m93.126 ms - 155[0m
[0mGET /js/chat_engine.js [33m404 [0m92.945 ms - 156[0m
[0mGET /js/toggle_likes.js [33m404 [0m120.743 ms - 157[0m
[0mGET /js/home_post_comments.js [33m404 [0m123.036 ms - 163[0m
[0mGET /js/home_posts.js [33m404 [0m4.094 ms - 155[0m
[0mGET /js/toggle_likes.js [33m404 [0m6.381 ms - 157[0m
[0mGET /js/chat_engine.js [33m404 [0m4.626 ms - 156[0m
[0mGET / [36m304 [0m2090.542 ms - -[0m
[0mGET /js/home_post_comments.js [33m404 [0m3.917 ms - 163[0m
[0mGET /css/header.css [33m404 [0m4.915 ms - 153[0m
[0mGET /css/layout.css [33m404 [0m5.367 ms - 153[0m
[0mGET /css/footer.css [33m404 [0m2015.236 ms - 153[0m
[0mGET /css/home.css [33m404 [0m2013.443 ms - 151[0m
[0mGET /js/home_posts.js [33m404 [0m2639.729 ms - 155[0m
[0mGET /js/chat_engine.js [33m404 [0m2543.594 ms - 156[0m
[0mGET /css/chat_box.css [33m404 [0m4030.084 ms - 155[0m
[0mGET /js/toggle_likes.js [33m404 [0m2545.987 ms - 157[0m
[0mGET /js/home_posts.js [33m404 [0m6.432 ms - 155[0m
[0mGET /js/toggle_likes.js [33m404 [0m2.942 ms - 157[0m
[0mGET /js/chat_engine.js [33m404 [0m2.047 ms - 156[0m
